<root xmlns="urn:schemas-upnp-org:device-1-0">
    <specVersion>
        <major>1</major>
        <minor>0</minor>
    </specVersion>
    <bar>baaar</bar>
    <foo xmlns="urn:foo:bar">bar</foo>
    <device foo="bar">
        <deviceType>urn:schemas-upnp-org:device:MY-DEVICE-TYPE:1</deviceType>
        <friendlyName>My Testdevice</friendlyName>
        <manufacturer>TELEAL</manufacturer>
        <manufacturerURL>http://www.teleal.org/</manufacturerURL>
        <modelDescription>TEST Device</modelDescription>
        <modelName>MYMODEL</modelName>
        <modelNumber>ONE</modelNumber>
        <modelURL>http://www.teleal.org/foo</modelURL>
        <serialNumber>000da201238c</serialNumber>
        <UDN>uuid:MY-DEVICE-123</UDN>
        <dlna:X_DLNADOC xmlns:dlna="urn:schemas-dlna-org:device-1-0">DMS-1.50</dlna:X_DLNADOC>
        <dlna:X_DLNADOC xmlns:dlna="urn:schemas-dlna-org:device-1-0">M-DMS-1.50</dlna:X_DLNADOC>
        <dlna:X_DLNACAP xmlns:dlna="urn:schemas-dlna-org:device-1-0">av-upload,image-upload,audio-upload</dlna:X_DLNACAP>
        <UPC>100000000001</UPC>
        <presentationURL>http://www.teleal.org/some_user_interface/</presentationURL>
        <iconList>
            <icon>
                <mimetype>image/png</mimetype>
                <width>32</width>
                <height>32</height>
                <url>icon.png</url>
                <depth>8</depth>
            </icon>
            <icon>
                <mimetype>image/png</mimetype>
                <width>32</width>
                <height>32</height>
                <url>icon2.png</url>
                <depth>8</depth>
            </icon>
        </iconList>
        <serviceList>
            <service>
                <serviceType>urn:schemas-upnp-org:service:MY-SERVICE-TYPE-ONE:1</serviceType>
                <serviceId>urn:upnp-org:serviceId:MY-SERVICE-123</serviceId>
                <controlURL>service/upnp-org/MY-SERVICE-123/control</controlURL>
                <eventSubURL>service/upnp-org/MY-SERVICE-123/events</eventSubURL>
                <SCPDURL>service/upnp-org/MY-SERVICE-123/desc.xml</SCPDURL>
            </service>
        </serviceList>
        <deviceList>
            <device>
                <deviceType>urn:schemas-upnp-org:device:MY-DEVICE-TYPE-TWO:2</deviceType>
                <friendlyName>My Testdevice Second</friendlyName>
                <manufacturer>TELEAL</manufacturer>
                <manufacturerURL>http://www.teleal.org/</manufacturerURL>
                <modelDescription>TEST Device</modelDescription>
                <modelName>MYMODEL</modelName>
                <modelNumber>ONE</modelNumber>
                <modelURL>http://www.teleal.org/this_is_the_embedded_model</modelURL>
                <serialNumber>000da201238d</serialNumber>
                <UDN>uuid:MY-DEVICE-456</UDN>
                <UPC>100000000002</UPC>
                <presentationURL>http://www.teleal.org/some_other_user_interface</presentationURL>
                <iconList>
                    <icon>
                        <mimetype>image/png</mimetype>
                        <width>32</width>
                        <height>32</height>
                        <url>icon3.png</url>
                        <depth>8</depth>
                    </icon>
                </iconList>
                <serviceList>
                    <service>
                        <serviceType>urn:schemas-upnp-org:service:MY-SERVICE-TYPE-TWO:2</serviceType>
                        <serviceId>urn:upnp-org:serviceId:MY-SERVICE-456</serviceId>
                        <controlURL>service/upnp-org/MY-SERVICE-456/control</controlURL>
                        <eventSubURL>service/upnp-org/MY-SERVICE-456/events</eventSubURL>
                        <SCPDURL>service/upnp-org/MY-SERVICE-456/desc.xml</SCPDURL>
                    </service>
                </serviceList>
                <deviceList>
                    <device>
                        <deviceType>urn:schemas-upnp-org:device:MY-DEVICE-TYPE-THREE:3</deviceType>
                        <friendlyName>My Testdevice Third</friendlyName>
                        <manufacturer>TELEAL</manufacturer>
                        <manufacturerURL>http://www.teleal.org/</manufacturerURL>
                        <modelDescription>TEST Device</modelDescription>
                        <modelName>MYMODEL</modelName>
                        <modelNumber>ONE</modelNumber>
                        <modelURL>http://www.teleal.org/another_embedded_model</modelURL>
                        <serialNumber>000da201238d</serialNumber>
                        <UDN>uuid:MY-DEVICE-789</UDN>
                        <UPC>100000000003</UPC>
                        <presentationURL>http://www.teleal.org/some_third_user_interface</presentationURL>
                        <serviceList>
                            <service>
                                <serviceType>urn:schemas-upnp-org:service:MY-SERVICE-TYPE-THREE:3</serviceType>
                                <serviceId>urn:upnp-org:serviceId:MY-SERVICE-789</serviceId>
                                <controlURL>service/upnp-org/MY-SERVICE-789/control</controlURL>
                                <eventSubURL>service/upnp-org/MY-SERVICE-789/events</eventSubURL>
                                <SCPDURL>service/upnp-org/MY-SERVICE-789/desc.xml</SCPDURL>
                            </service>
                        </serviceList>
                    </device>
                </deviceList>
            </device>
        </deviceList>
    </device>
</root>