<scpd>

    <specVersion>
        <major>1</major>
        <minor>0</minor>
    </specVersion>

    <actionList>

        <action>
            <name>GetFoo</name>
            <argumentList>
                <argument>
                    <name>ResultFoo</name>
                    <relatedStateVariable>Foo</relatedStateVariable>
                    <direction>out</direction>
                </argument>
            </argumentList>
        </action>

    </actionList>

    <serviceStateTable>

        <stateVariable sendEvents="yes">
            <name>Foo</name>
            <dataType>boolean</dataType>
            <defaultValue>0</defaultValue>
        </stateVariable>

    </serviceStateTable>
</scpd>
